\BOOKMARK [1][-]{chapter*.1}{Abstract}{}% 1
\BOOKMARK [1][-]{chapter*.2}{Acknowledgements}{}% 2
\BOOKMARK [0][-]{chapter.1}{Introduction}{}% 3
\BOOKMARK [1][-]{section.1.1}{Background}{chapter.1}% 4
\BOOKMARK [1][-]{section.1.2}{Aims}{chapter.1}% 5
\BOOKMARK [2][-]{subsection.1.2.1}{Objectives}{section.1.2}% 6
\BOOKMARK [2][-]{subsection.1.2.2}{Deliverables}{section.1.2}% 7
\BOOKMARK [1][-]{section.1.3}{Resources}{chapter.1}% 8
\BOOKMARK [1][-]{section.1.4}{Schedule}{chapter.1}% 9
\BOOKMARK [1][-]{section.1.5}{Summary}{chapter.1}% 10
\BOOKMARK [0][-]{chapter.2}{Literature Review}{}% 11
\BOOKMARK [1][-]{section.2.1}{Introduction}{chapter.2}% 12
\BOOKMARK [1][-]{section.2.2}{Subject}{chapter.2}% 13
\BOOKMARK [2][-]{subsection.2.2.1}{title}{section.2.2}% 14
\BOOKMARK [1][-]{section.2.3}{Citation \046 Reference}{chapter.2}% 15
\BOOKMARK [1][-]{section.2.4}{Example of glossary}{chapter.2}% 16
\BOOKMARK [1][-]{section.2.5}{Summary}{chapter.2}% 17
\BOOKMARK [0][-]{chapter.3}{Method}{}% 18
\BOOKMARK [1][-]{section.3.1}{Introduction}{chapter.3}% 19
\BOOKMARK [1][-]{section.3.2}{Experiment 1}{chapter.3}% 20
\BOOKMARK [1][-]{section.3.3}{Experiment 2}{chapter.3}% 21
\BOOKMARK [1][-]{section.3.4}{Summary}{chapter.3}% 22
\BOOKMARK [0][-]{chapter.4}{Analysis \046 Results}{}% 23
\BOOKMARK [1][-]{section.4.1}{Introduction}{chapter.4}% 24
\BOOKMARK [1][-]{section.4.2}{Experiment 1}{chapter.4}% 25
\BOOKMARK [1][-]{section.4.3}{Experiment 2}{chapter.4}% 26
\BOOKMARK [1][-]{section.4.4}{Summary}{chapter.4}% 27
\BOOKMARK [0][-]{chapter.5}{Conclusions}{}% 28
\BOOKMARK [1][-]{section.5.1}{Introduction}{chapter.5}% 29
\BOOKMARK [1][-]{section.5.2}{Recommendations}{chapter.5}% 30
\BOOKMARK [1][-]{section.5.3}{Future Work}{chapter.5}% 31
\BOOKMARK [1][-]{section.5.4}{Reflections}{chapter.5}% 32
\BOOKMARK [1][-]{section.5.5}{Summary}{chapter.5}% 33
\BOOKMARK [0][-]{section.5.5}{Bibliography}{}% 34
\BOOKMARK [-1][-]{part*.10}{Appendices}{}% 35
\BOOKMARK [0][-]{appendix.A}{Correspondence with Supervisor}{part*.10}% 36
\BOOKMARK [0][-]{appendix.B}{Ethical Approval}{part*.10}% 37
